{"logTime": "0328/182939", "correlationVector":"sM1ceNKQmHX4Izc1LVsPcR.1","action":"SyncServerConnectionManagerRequest", "result":"SYNC_SERVER_OK", "context":{"environment":"Prod_francecentral_prod-s01-062-eur-francecentral", "migrationStage":"NotStarted", "server":"akswtt11300000p"}}
{"logTime": "0328/182939", "correlationVector":"sM1ceNKQmHX4Izc1LVsPcR.2","action":"ProcessGetUpdates", "result":"Done", "context":{"dataType":"Encryption Keys", "deleted":"0", "process_failed_to_decrypt":"0", "process_pending_decryption":"0", "process_success":"1", "total":"1"}}
{"logTime": "0328/182940", "correlationVector":"mS7zBHqsSyF2s7C/qRvcuH","action":"SyncServerConnectionManagerRequest", "result":"SYNC_SERVER_OK", "context":{"environment":"", "migrationStage":"", "server":""}}
{"logTime": "0328/182940", "correlationVector":"mS7zBHqsSyF2s7C/qRvcuH.0","action":"EncryptionKeysFetcher.DownloadKeys:", "result":"Success", "context":Key count: 10, Last key timestamp: 2026-03-28T18:29:33Z}
{"logTime": "0328/182940", "correlationVector":"mS7zBHqsSyF2s7C/qRvcuH.1","action":"EncryptionKeysManager::SetEncryptionKeys:", "result":"Success", "context":Key names[10]:[w7Ij81xWKMWQr87RWqJp3hzrV+hRuEBZVB8+g4MxhVbs/lRxUtbKTATGA3WsN2YqwQbUJ2sit6ZrnQHIoi6C6w==][dGb5+mf48v2N0wGT0Xmt1oX0S0w5laTYj6MyGgDpXknABEr4SQhvIZFzY8KxLhgKzuhhH0NIO4Kj+aYfZPXD6g==][NuAY9ZHhSfCBSog2dSOYkokHX8djRnDfsbB1tfhgoPIvhOON6eyb1xnjzrq6Kp3NCmFVOqn5YdbvvdrfeGJ2hg==][kYoHrxcyiqrAQGsYrmC0hWad24wyfaxyR4wmCEwjgKJSR9u+eiwRpfHBYsqiTicFz7a9WBqhBTMMOf9VNQow2w==][Zt0NvU0Ka1PiWvXw58qvoJD6X13LJcTAgXaILeal4MUGbEvi3rPSAFWMJJ5D4WpfGqcCIfTxFXBE0JBcyGy0tw==][PmMLG39tAgAL3c+LuxW0Sl29ZJKnI9fOh6QsYvY3KOLCGQx+ONyWVpPD0HJrv9i3bnmTqyV50+7KfWI3ChpWhg==][APnBbLrQmnOW9hkyPFymSgwjLNmfv7cpl1SxyoEXys2VJl1zWpTnijO7G5VT1GLIC2MtvYuhdAmYFZFABUxyqw==][VKJ2KYnsljZ20jcYoc+TIB+/lx9dyP43zjkyA0FyAbQWhzK8X7rdDgXqVD9Om/FZKEat8JSwXNedl8M09niGAA==][teaSd2dw0eFCB1aMd1UdjrleuUaKeTOSOBvfDKC047M/mXxpDaMNZ4kEVVdC59s1ZhZ95kN+lXNCwS+rbkefNQ==][tMxoS3U3iHuZW1oOZKXWU3ol60lb7gf0redtmyHV/10P9E7obzy8tuMePMii1aixIUtUkh4c1Cb68Ufh2G59yg==]}
{"logTime": "0328/182940", "correlationVector":"mS7zBHqsSyF2s7C/qRvcuH.2","action":"EncryptionKeysManager::SetEncryptionKeysWithTimestamps:", "result":"Success", "context":Key timestamps[10]:[2021-09-02T17:44:15Z][2022-03-03T15:52:44Z][2022-08-30T17:55:50Z][2023-03-17T07:28:03Z][2023-09-14T15:45:01Z][2024-03-15T05:30:50Z][2024-09-14T11:35:38Z][2025-07-06T11:30:09Z][2025-08-22T09:17:07Z][2026-03-28T18:29:33Z]}
{"logTime": "0328/182940", "correlationVector":"sM1ceNKQmHX4Izc1LVsPcR","action":"Initial GetUpdates", "result":"", "context":Reason: NEW_CLIENT. cV=sM1ceNKQmHX4Izc1LVsPcR}
{"logTime": "0328/182940", "correlationVector":"sM1ceNKQmHX4Izc1LVsPcR.3","action":"GetUpdates Response", "result":"Success", "context":Received 1 update(s). cV=sM1ceNKQmHX4Izc1LVsPcR.0;server=akswtt11300000p;cloudType=Consumer;environment=Prod_francecentral_prod-s01-062-eur-francecentral;migrationStage=NotStarted}
{"logTime": "0328/182940", "correlationVector":"SLgnIPOpaSvyFBwnjMnkuR","action":"Initial GetUpdates", "result":"", "context":Reason: NEWLY_SUPPORTED_DATATYPE. cV=SLgnIPOpaSvyFBwnjMnkuR}
{"logTime": "0328/182941", "correlationVector":"SLgnIPOpaSvyFBwnjMnkuR.1","action":"SyncServerConnectionManagerRequest", "result":"SYNC_SERVER_OK", "context":{"environment":"Prod_francecentral_prod-s01-062-eur-francecentral", "migrationStage":"NotStarted", "server":"akswtt113000005"}}
{"logTime": "0328/182941", "correlationVector":"SLgnIPOpaSvyFBwnjMnkuR.2","action":"ProcessGetUpdates", "result":"Done", "context":{"dataType":"Preferences", "deleted":"0", "process_failed_to_decrypt":"0", "process_pending_decryption":"0", "process_success":"100", "total":"100"}}
{"logTime": "0328/182941", "correlationVector":"SLgnIPOpaSvyFBwnjMnkuR.3","action":"ProcessGetUpdates", "result":"Done", "context":{"dataType":"Passwords", "deleted":"0", "process_failed_to_decrypt":"0", "process_pending_decryption":"0", "process_success":"85", "total":"85"}}
{"logTime": "0328/182941", "correlationVector":"SLgnIPOpaSvyFBwnjMnkuR.4","action":"ProcessGetUpdates", "result":"Done", "context":{"dataType":"Device Info", "deleted":"0", "process_failed_to_decrypt":"0", "process_pending_decryption":"0", "process_success":"9", "total":"9"}}
{"logTime": "0328/182941", "correlationVector":"SLgnIPOpaSvyFBwnjMnkuR.5","action":"GetUpdates Response", "result":"Success", "context":Received 194 update(s). cV=SLgnIPOpaSvyFBwnjMnkuR.0;server=akswtt113000005;cloudType=Consumer;environment=Prod_francecentral_prod-s01-062-eur-francecentral;migrationStage=NotStarted}
{"logTime": "0328/182941", "correlationVector":"SVCI//JEXDolz7lkg+Fy1F","action":"Initial GetUpdates", "result":"", "context":Reason: NEWLY_SUPPORTED_DATATYPE. cV=SVCI//JEXDolz7lkg+Fy1F}
{"logTime": "0328/182942", "correlationVector":"SVCI//JEXDolz7lkg+Fy1F.1","action":"SyncServerConnectionManagerRequest", "result":"SYNC_SERVER_OK", "context":{"environment":"Prod_francecentral_prod-s01-062-eur-francecentral", "migrationStage":"NotStarted", "server":"akswtt11300000v"}}
{"logTime": "0328/182942", "correlationVector":"SVCI//JEXDolz7lkg+Fy1F.2","action":"ProcessGetUpdates", "result":"Done", "context":{"dataType":"Bookmarks", "deleted":"0", "process_failed_to_decrypt":"0", "process_pending_decryption":"0", "process_success":"17", "total":"17"}}
{"logTime": "0328/182942", "correlationVector":"SVCI//JEXDolz7lkg+Fy1F.3","action":"GetUpdates Response", "result":"Success", "context":Received 17 update(s). cV=SVCI//JEXDolz7lkg+Fy1F.0;server=akswtt11300000v;cloudType=Consumer;environment=Prod_francecentral_prod-s01-062-eur-francecentral;migrationStage=NotStarted}
{"logTime": "0328/182942", "correlationVector":"Mfk5jyHjJ1OZmj7eZslfb4","action":"Initial GetUpdates", "result":"", "context":Reason: NEWLY_SUPPORTED_DATATYPE. cV=Mfk5jyHjJ1OZmj7eZslfb4}
{"logTime": "0328/182942", "correlationVector":"Mfk5jyHjJ1OZmj7eZslfb4.1","action":"SyncServerConnectionManagerRequest", "result":"SYNC_SERVER_OK", "context":{"environment":"Prod_francecentral_prod-s01-062-eur-francecentral", "migrationStage":"NotStarted", "server":"akswtt113000016"}}
{"logTime": "0328/182942", "correlationVector":"Mfk5jyHjJ1OZmj7eZslfb4.2","action":"ProcessGetUpdates", "result":"Done", "context":{"dataType":"Autofill Profiles", "deleted":"0", "process_failed_to_decrypt":"0", "process_pending_decryption":"0", "process_success":"1", "total":"1"}}
{"logTime": "0328/182942", "correlationVector":"Mfk5jyHjJ1OZmj7eZslfb4.3","action":"ProcessGetUpdates", "result":"Done", "context":{"dataType":"Autofill", "deleted":"0", "process_failed_to_decrypt":"0", "process_pending_decryption":"0", "process_success":"20", "total":"20"}}
{"logTime": "0328/182942", "correlationVector":"Mfk5jyHjJ1OZmj7eZslfb4.4","action":"ProcessGetUpdates", "result":"Done", "context":{"dataType":"Sessions", "deleted":"1", "process_failed_to_decrypt":"0", "process_pending_decryption":"0", "process_success":"1", "total":"1"}}
{"logTime": "0328/182942", "correlationVector":"Mfk5jyHjJ1OZmj7eZslfb4.5","action":"GetUpdates Response", "result":"Success", "context":Received 22 update(s). cV=Mfk5jyHjJ1OZmj7eZslfb4.0;server=akswtt113000016;cloudType=Consumer;environment=Prod_francecentral_prod-s01-062-eur-francecentral;migrationStage=NotStarted}
{"logTime": "0328/182942", "correlationVector":"GCt/qXO3R3YrH1F9F+q6M5","action":"Initial GetUpdates", "result":"", "context":Reason: NEWLY_SUPPORTED_DATATYPE. cV=GCt/qXO3R3YrH1F9F+q6M5}
{"logTime": "0328/182943", "correlationVector":"GCt/qXO3R3YrH1F9F+q6M5.1","action":"SyncServerConnectionManagerRequest", "result":"SYNC_SERVER_OK", "context":{"environment":"Prod_francecentral_prod-s01-062-eur-francecentral", "migrationStage":"NotStarted", "server":"akswtt11300000y"}}
{"logTime": "0328/182943", "correlationVector":"GCt/qXO3R3YrH1F9F+q6M5.2","action":"GetUpdates Response", "result":"Success", "context":Received 0 update(s). cV=GCt/qXO3R3YrH1F9F+q6M5.0;server=akswtt11300000y;cloudType=Consumer;environment=Prod_francecentral_prod-s01-062-eur-francecentral;migrationStage=NotStarted}
{"logTime": "0328/182943", "correlationVector":"gC27H62JsbBmg1FsTuLj7k","action":"Normal GetUpdate request", "result":"", "context":cV=gC27H62JsbBmg1FsTuLj7k
Nudged types: Sessions, Device Info, User Consents, Encryption Keys
Refresh requested types: Bookmarks, Preferences, Passwords, Autofill Profiles, Autofill, Extensions, Sessions, Extension settings, History Delete Directives, Device Info, User Consents, Send Tab To Self, Web Apps, History, Saved Tab Group, WebAuthn Credentials, Collection, Edge E Drop, Edge Hub App Usage, Edge Wallet, Edge Workspace, Encryption Keys}
{"logTime": "0328/182943", "correlationVector":"gC27H62JsbBmg1FsTuLj7k.1","action":"SyncServerConnectionManagerRequest", "result":"SYNC_SERVER_OK", "context":{"environment":"Prod_francecentral_prod-s01-062-eur-francecentral", "migrationStage":"NotStarted", "server":"akswtt113000007"}}
{"logTime": "0328/182944", "correlationVector":"gC27H62JsbBmg1FsTuLj7k.2","action":"GetUpdates Response", "result":"Success", "context":Received 0 update(s). cV=gC27H62JsbBmg1FsTuLj7k.0;server=akswtt113000007;cloudType=Consumer;environment=Prod_francecentral_prod-s01-062-eur-francecentral;migrationStage=NotStarted}
{"logTime": "0328/182944", "correlationVector":"B/Lbem+p/WhaZ163liGFce","action":"Commit Request", "result":"", "context":Item count: 1
Contributing types: Encryption Keys}
{"logTime": "0328/182944", "correlationVector":"B/Lbem+p/WhaZ163liGFce","action":"SyncServerConnectionManagerRequest", "result":"CONNECTION_UNAVAILABLE", "context":{"error_type":"net_error_code", "error_value":"-3"}}
